
ACE v2.3 

  instance
    name:V7_finale

  Loading variables...

  Loading constraints...

  domains
    types:57  values:381594  deleted:20  sizes:[1:88,2:458,3:3,10:29...1384:130,1848:45,2098:2,2155:1]
  variables
    count:896  fixed:88  auxiliary:766  arrays:1  degrees:[2:795,3:11,4:10,9:1...34:1,35:1,41:1,55:1]
  constraints
    count:1169  specific:840  groups:14  arities:[1:12,2:545,3:507,4:100,9:1,10:3,41:1]
    distribution:[AllDifferentComplete:4,ConstraintIntension:329,Extension1:10,Maximum:50,ObjVarGEu:1,ObjVarLEu:1,Reif3EQ:229,Reif3NE:229,Sub2EQ:308,Sub2GE:8]
    intStructures:(59,shared:270)
    wck:0.66  cpu:1.234  mem:54M922
  objective
    way:min  type:ObjVarLE  bounds:20..2154

  Building solver... 

  solver
    guaranteedAC:true
    wck:0.73  cpu:1.281  mem:66M78

  preprocessing
    effs:151  revisions:(1050,useless=1049)  values:286358  removedByAC:95236  unsat:false
    wck:0.12  cpu:1.39  mem:69M289

o 1914  0.97
o 1892  1.00
o 1890  1.01
o 1880  1.01
o 1850  1.02
o 1841  1.02
o 1838  1.03
    run0  dpts:16..895  effs:6560  fails:100  wrgs:105  wck:0.00  ngds:93  bounds:20..1837
    run1  dpts:13..24  effs:10368  fails:200  wrgs:206  wck:0.41  ngds:185  bounds:20..1837
o 1822  1.37
    run2  dpts:19..895  effs:20590  fails:310  wrgs:357  wck:0.52  ngds:248  bounds:20..1821
o 1814  1.47
    run3  dpts:20..895  effs:32626  fails:410  wrgs:486  wck:0.71  ngds:321  bounds:20..1813
    run4  dpts:6..12  effs:36014  fails:510  wrgs:586  wck:0.79  ngds:421  bounds:20..1813
o 1802  1.64
o 1800  1.64
    run5  dpts:8..895  effs:43259  fails:620  wrgs:704  wck:0.87  ngds:528  bounds:20..1799
    run6  dpts:16..20  effs:48046  fails:720  wrgs:819  wck:0.98  ngds:588  bounds:20..1799
    run7  dpts:18..21  effs:56731  fails:830  wrgs:934  wck:1.09  ngds:693  bounds:20..1799
    run8  dpts:20..20  effs:63540  fails:951  wrgs:1055  wck:1.18  ngds:814  bounds:20..1799
    run9  dpts:11..19  effs:78175  fails:1084  wrgs:1227  wck:1.26  ngds:829  bounds:20..1799
    run10  dpts:21..22  effs:84867  fails:1230  wrgs:1373  wck:1.49  ngds:975  bounds:20..1799
    run11  dpts:20..21  effs:91711  fails:1391  wrgs:1535  wck:1.57  ngds:1136  bounds:20..1799
    run12  dpts:22..22  effs:98259  fails:1568  wrgs:1712  wck:1.64  ngds:1313  bounds:20..1799
o 1795  2.49
    run13  dpts:17..895  effs:114235  fails:1762  wrgs:1919  wck:1.72  ngds:1316  bounds:20..1794
o 1792  2.53
o 1791  2.53
    run14  dpts:18..895  effs:119997  fails:1862  wrgs:2024  wck:1.77  ngds:1416  bounds:20..1790
    run15  dpts:10..23  effs:129672  fails:1962  wrgs:2184  wck:1.81  ngds:1419  bounds:20..1790
o 1784  2.67
o 1778  2.68
o 1777  2.71
    run16  dpts:18..895  effs:163267  fails:2072  wrgs:2368  wck:1.91  ngds:1431  bounds:20..1776
    run17  dpts:19..26  effs:189931  fails:2172  wrgs:2526  wck:2.21  ngds:1437  bounds:20..1776
o 1776  3.25
    run18  dpts:9..895  effs:206394  fails:2282  wrgs:2677  wck:2.42  ngds:1450  bounds:20..1775
    run19  dpts:0..0  effs:216393  fails:2382  wrgs:2777  wck:2.54  ngds:1450  bounds:20..1775
    run20  dpts:0..13  effs:221841  fails:2492  wrgs:2898  wck:2.65  ngds:1518  bounds:20..1775
o 1766  3.49
o 1754  3.63
    run21  dpts:15..895  effs:249580  fails:2613  wrgs:3100  wck:2.73  ngds:1524  bounds:20..1753
    run22  dpts:16..27  effs:269129  fails:2713  wrgs:3276  wck:3.08  ngds:1527  bounds:20..1753
    run23  dpts:16..26  effs:287047  fails:2823  wrgs:3463  wck:3.33  ngds:1533  bounds:20..1753
    run24  dpts:16..29  effs:303878  fails:2944  wrgs:3663  wck:3.57  ngds:1539  bounds:20..1753
o 1753  4.50
    run25  dpts:16..895  effs:329999  fails:3077  wrgs:3896  wck:3.74  ngds:1545  bounds:20..1752
    run26  dpts:19..26  effs:341182  fails:3177  wrgs:4050  wck:4.09  ngds:1596  bounds:20..1752
o 1752  5.02
    run27  dpts:16..895  effs:371199  fails:3287  wrgs:4262  wck:4.23  ngds:1681  bounds:20..1751
    run28  dpts:18..29  effs:383104  fails:3387  wrgs:4422  wck:4.59  ngds:1701  bounds:20..1751
    run29  dpts:19..27  effs:388148  fails:3497  wrgs:4533  wck:4.76  ngds:1810  bounds:20..1751
    run30  dpts:17..26  effs:394494  fails:3618  wrgs:4663  wck:4.83  ngds:1922  bounds:20..1751
o 1750  5.79
o 1744  5.84
    run31  dpts:15..895  effs:418938  fails:3751  wrgs:4894  wck:4.96  ngds:1931  bounds:20..1743
    run32  dpts:21..21  effs:423522  fails:3851  wrgs:4994  wck:5.23  ngds:2031  bounds:20..1743
    run33  dpts:18..23  effs:437164  fails:3961  wrgs:5147  wck:5.29  ngds:2074  bounds:20..1743
    run34  dpts:14..26  effs:457170  fails:4082  wrgs:5380  wck:5.51  ngds:2084  bounds:20..1743
    run35  dpts:19..22  effs:463732  fails:4215  wrgs:5513  wck:5.77  ngds:2217  bounds:20..1743
    run36  dpts:16..26  effs:482592  fails:4361  wrgs:5750  wck:5.82  ngds:2220  bounds:20..1743
    run37  dpts:28..28  effs:489328  fails:4522  wrgs:5911  wck:6.12  ngds:2381  bounds:20..1743
    run38  dpts:19..27  effs:505740  fails:4699  wrgs:6113  wck:6.19  ngds:2523  bounds:20..1743
    run39  dpts:22..28  effs:513543  fails:4893  wrgs:6315  wck:6.30  ngds:2706  bounds:20..1743
    run40  dpts:20..29  effs:538994  fails:5107  wrgs:6636  wck:6.39  ngds:2763  bounds:20..1743
    run41  dpts:9..30  effs:571013  fails:5342  wrgs:7052  wck:6.77  ngds:2769  bounds:20..1743
    run42  dpts:14..26  effs:583850  fails:5601  wrgs:7337  wck:7.38  ngds:2956  bounds:20..1743
    run43  dpts:16..29  effs:606677  fails:5886  wrgs:7645  wck:7.58  ngds:3228  bounds:20..1743
    run44  dpts:17..26  effs:655159  fails:6199  wrgs:8075  wck:7.80  ngds:3363  bounds:20..1743
    run45  dpts:20..26  effs:669529  fails:6544  wrgs:8451  wck:8.47  ngds:3669  bounds:20..1743
    run46  dpts:22..22  effs:689035  fails:6923  wrgs:8830  wck:8.65  ngds:4048  bounds:20..1743
o 1741  9.57
    run47  dpts:12..895  effs:739559  fails:7340  wrgs:9481  wck:8.78  ngds:4106  bounds:20..1740
    run48  dpts:26..26  effs:749813  fails:7440  wrgs:9581  wck:9.78  ngds:4206  bounds:20..1740
    run49  dpts:9..21  effs:764207  fails:7550  wrgs:9790  wck:9.86  ngds:4217  bounds:20..1740
    run50  dpts:20..23  effs:770483  fails:7671  wrgs:9915  wck:10.2  ngds:4332  bounds:20..1740
    run51  dpts:22..22  effs:776069  fails:7804  wrgs:10048  wck:10.3  ngds:4465  bounds:20..1740
    run52  dpts:17..26  effs:794563  fails:7950  wrgs:10233  wck:10.4  ngds:4535  bounds:20..1740
    run53  dpts:11..23  effs:817383  fails:8111  wrgs:10528  wck:10.6  ngds:4541  bounds:20..1740
    run54  dpts:17..27  effs:844031  fails:8288  wrgs:10829  wck:11.2  ngds:4545  bounds:20..1740
    run55  dpts:29..29  effs:853228  fails:8482  wrgs:11023  wck:11.6  ngds:4739  bounds:20..1740
    run56  dpts:18..28  effs:886013  fails:8696  wrgs:11411  wck:11.7  ngds:4748  bounds:20..1740
    run57  dpts:13..27  effs:895082  fails:8931  wrgs:11649  wck:12.2  ngds:4981  bounds:20..1740
    run58  dpts:11..27  effs:923146  fails:9190  wrgs:12056  wck:12.3  ngds:4987  bounds:20..1740
    run59  dpts:11..26  effs:948489  fails:9475  wrgs:12508  wck:12.7  ngds:4993  bounds:20..1740
    run60  dpts:15..25  effs:975802  fails:9788  wrgs:13037  wck:13.3  ngds:4999  bounds:20..1740
    run61  dpts:12..25  effs:999333  fails:10133  wrgs:13540  wck:13.8  ngds:5014  bounds:20..1740
    run62  dpts:6..29  effs:1030059  fails:10512  wrgs:14092  wck:14.3  ngds:5029  bounds:20..1740
    run63  dpts:6..28  effs:1074327  fails:10929  wrgs:14726  wck:14.8  ngds:5046  bounds:20..1740
    run64  dpts:13..22  effs:1139119  fails:11388  wrgs:15481  wck:15.4  ngds:5054  bounds:20..1740
    run65  dpts:15..30  effs:1179496  fails:11893  wrgs:16179  wck:17.0  ngds:5087  bounds:20..1740
o 1740  18.2
    run66  dpts:11..895  effs:1226403  fails:12448  wrgs:16955  wck:17.3  ngds:5307  bounds:20..1739
    run67  dpts:26..27  effs:1231502  fails:12548  wrgs:17055  wck:17.6  ngds:5407  bounds:20..1739
    run68  dpts:13..24  effs:1250778  fails:12658  wrgs:17260  wck:17.7  ngds:5412  bounds:20..1739
    run69  dpts:25..25  effs:1255963  fails:12779  wrgs:17381  wck:17.8  ngds:5533  bounds:20..1739
    run70  dpts:12..27  effs:1273721  fails:12912  wrgs:17614  wck:17.9  ngds:5538  bounds:20..1739
    run71  dpts:21..28  effs:1281065  fails:13058  wrgs:17774  wck:18.1  ngds:5647  bounds:20..1739
    run72  dpts:12..26  effs:1304146  fails:13219  wrgs:18024  wck:18.1  ngds:5656  bounds:20..1739
    run73  dpts:13..21  effs:1321654  fails:13396  wrgs:18252  wck:18.3  ngds:5752  bounds:20..1739
    run74  dpts:10..23  effs:1363156  fails:13590  wrgs:18604  wck:18.5  ngds:5755  bounds:20..1739
    run75  dpts:12..24  effs:1390439  fails:13804  wrgs:18938  wck:19.0  ngds:5786  bounds:20..1739
    run76  dpts:11..26  effs:1421667  fails:14039  wrgs:19330  wck:19.2  ngds:5794  bounds:20..1739
    run77  dpts:15..27  effs:1461221  fails:14298  wrgs:19756  wck:19.5  ngds:5801  bounds:20..1739
    run78  dpts:16..27  effs:1482903  fails:14583  wrgs:20132  wck:19.9  ngds:5925  bounds:20..1739
    run79  dpts:16..27  effs:1504875  fails:14896  wrgs:20528  wck:20.1  ngds:6103  bounds:20..1739
    run80  dpts:19..29  effs:1530727  fails:15241  wrgs:20965  wck:20.4  ngds:6324  bounds:20..1739
    run81  dpts:20..28  effs:1547012  fails:15620  wrgs:21365  wck:20.8  ngds:6665  bounds:20..1739
    run82  dpts:19..29  effs:1593438  fails:16037  wrgs:21866  wck:20.9  ngds:6927  bounds:20..1739
    run83  dpts:28..28  effs:1669480  fails:16496  wrgs:22325  wck:21.4  ngds:7386  bounds:20..1739
    run84  dpts:16..27  effs:1752171  fails:17001  wrgs:23123  wck:21.8  ngds:7391  bounds:20..1739
    run85  dpts:22..30  effs:1780200  fails:17556  wrgs:23718  wck:23.2  ngds:7894  bounds:20..1739
    run86  dpts:20..28  effs:1810223  fails:18167  wrgs:24368  wck:23.5  ngds:8469  bounds:20..1739
    run87  dpts:19..29  effs:1941698  fails:18839  wrgs:25518  wck:23.8  ngds:8477  bounds:20..1739
    run88  dpts:17..27  effs:1996525  fails:19579  wrgs:26372  wck:25.9  ngds:9017  bounds:20..1739
    run89  dpts:17..27  effs:2091150  fails:20393  wrgs:27452  wck:26.4  ngds:9316  bounds:20..1739
    run90  dpts:17..27  effs:2280554  fails:21288  wrgs:28848  wck:27.4  ngds:9321  bounds:20..1739
    run91  dpts:18..25  effs:2323969  fails:22272  wrgs:29865  wck:29.4  ngds:10236  bounds:20..1739
    run92  dpts:17..26  effs:2555118  fails:23355  wrgs:31627  wck:29.7  ngds:10242  bounds:20..1739
    run93  dpts:17..25  effs:2599266  fails:24546  wrgs:32832  wck:32.1  ngds:10336  bounds:20..1739
    run94  dpts:13..24  effs:2850188  fails:25856  wrgs:34781  wck:32.4  ngds:10741  bounds:20..1739
    run95  dpts:15..25  effs:3007045  fails:27298  wrgs:36827  wck:34.6  ngds:11039  bounds:20..1739
    ...resetting weights (nValues: 263834)
    run96  dpts:16..22  effs:3069054  fails:28884  wrgs:38424  wck:36.5  ngds:11531  bounds:20..1739
    run97  dpts:23..40  effs:3164505  fails:30628  wrgs:40182  wck:36.9  ngds:13223  bounds:20..1739
    run98  dpts:23..33  effs:3296464  fails:32547  wrgs:42119  wck:37.7  ngds:13450  bounds:20..1739
    run99  dpts:22..29  effs:3397376  fails:34658  wrgs:44271  wck:38.9  ngds:14367  bounds:20..1739
o 1739  40.2
    run100  dpts:4..895  effs:3569144  fails:36980  wrgs:46755  wck:39.5  ngds:14743  bounds:20..1738
    run101  dpts:19..32  effs:3579802  fails:37080  wrgs:46888  wck:40.6  ngds:14769  bounds:20..1738
    run102  dpts:16..27  effs:3595466  fails:37190  wrgs:47089  wck:40.7  ngds:14772  bounds:20..1738
    run103  dpts:25..30  effs:3601361  fails:37311  wrgs:47217  wck:41.0  ngds:14884  bounds:20..1738
    run104  dpts:20..29  effs:3610429  fails:37444  wrgs:47372  wck:41.1  ngds:14969  bounds:20..1738
    run105  dpts:18..32  effs:3644946  fails:37590  wrgs:47663  wck:41.2  ngds:14976  bounds:20..1738
    run106  dpts:19..30  effs:3654897  fails:37751  wrgs:47833  wck:41.7  ngds:15127  bounds:20..1738
    run107  dpts:20..27  effs:3688045  fails:37928  wrgs:48159  wck:41.9  ngds:15133  bounds:20..1738
    run108  dpts:20..30  effs:3703051  fails:38122  wrgs:48364  wck:42.6  ngds:15316  bounds:20..1738
    run109  dpts:18..33  effs:3743499  fails:38336  wrgs:48787  wck:42.8  ngds:15320  bounds:20..1738
    run110  dpts:20..31  effs:3788133  fails:38571  wrgs:49247  wck:43.6  ngds:15328  bounds:20..1738
    run111  dpts:21..33  effs:3811175  fails:38830  wrgs:49611  wck:44.3  ngds:15470  bounds:20..1738
    run112  dpts:21..32  effs:3823132  fails:39115  wrgs:49907  wck:44.7  ngds:15749  bounds:20..1738
    run113  dpts:21..26  effs:3845776  fails:39428  wrgs:50231  wck:44.8  ngds:16046  bounds:20..1738
    run114  dpts:15..28  effs:3895401  fails:39773  wrgs:50798  wck:45.0  ngds:16051  bounds:20..1738
    run115  dpts:16..30  effs:3955646  fails:40152  wrgs:51459  wck:45.9  ngds:16061  bounds:20..1738
    run116  dpts:16..26  effs:3998771  fails:40569  wrgs:52120  wck:46.9  ngds:16067  bounds:20..1738
    run117  dpts:17..27  effs:4032272  fails:41028  wrgs:52769  wck:47.8  ngds:16229  bounds:20..1738
    run118  dpts:14..28  effs:4045608  fails:41533  wrgs:53286  wck:48.4  ngds:16719  bounds:20..1738
    run119  dpts:26..30  effs:4100429  fails:42088  wrgs:53845  wck:48.5  ngds:17270  bounds:20..1738
    run120  dpts:14..33  effs:4198438  fails:42699  wrgs:54960  wck:49.1  ngds:17277  bounds:20..1738
    run121  dpts:21..27  effs:4222244  fails:43371  wrgs:55638  wck:51.1  ngds:17943  bounds:20..1738
    run122  dpts:13..30  effs:4294075  fails:44111  wrgs:56695  wck:51.3  ngds:18344  bounds:20..1738
    run123  dpts:3..25  effs:4336707  fails:44925  wrgs:57597  wck:52.0  ngds:19027  bounds:20..1738
    run124  dpts:18..29  effs:4375487  fails:45820  wrgs:58541  wck:52.6  ngds:19843  bounds:20..1738
    run125  dpts:14..28  effs:4507771  fails:46804  wrgs:60099  wck:52.9  ngds:19859  bounds:20..1738
    run126  dpts:15..27  effs:4576158  fails:47887  wrgs:61444  wck:54.5  ngds:20547  bounds:20..1738
    run127  dpts:15..27  effs:4647796  fails:49078  wrgs:62823  wck:55.2  ngds:21397  bounds:20..1738
    run128  dpts:16..28  effs:4733389  fails:50388  wrgs:64275  wck:56.3  ngds:21896  bounds:20..1738
    run129  dpts:15..28  effs:4885468  fails:51830  wrgs:66273  wck:57.0  ngds:22116  bounds:20..1738
    ...resetting weights (nValues: 263667)
    run130  dpts:17..21  effs:4944210  fails:53416  wrgs:67867  wck:58.5  ngds:22596  bounds:20..1738
    run131  dpts:7..21  effs:5038784  fails:55160  wrgs:69619  wck:58.9  ngds:24321  bounds:20..1738
    run132  dpts:5..20  effs:5120346  fails:57079  wrgs:71540  wck:59.6  ngds:25110  bounds:20..1738
    run133  dpts:21..27  effs:5208517  fails:59190  wrgs:73661  wck:60.0  ngds:27206  bounds:20..1738
    run134  dpts:22..25  effs:5299033  fails:61512  wrgs:75985  wck:60.5  ngds:27210  bounds:20..1738
    run135  dpts:16..30  effs:5601477  fails:64066  wrgs:79095  wck:60.9  ngds:27221  bounds:20..1738
    run136  dpts:17..31  effs:5763393  fails:66876  wrgs:82006  wck:64.2  ngds:27403  bounds:20..1738
    run137  dpts:14..28  effs:6252066  fails:69967  wrgs:86812  wck:66.1  ngds:27420  bounds:20..1738
    run138  dpts:12..29  effs:6488889  fails:73367  wrgs:90577  wck:75.0  ngds:27993  bounds:20..1738
    run139  dpts:16..29  effs:6874928  fails:77107  wrgs:94931  wck:76.8  ngds:28549  bounds:20..1738
    run140  dpts:18..33  effs:7122939  fails:81221  wrgs:99840  wck:81.1  ngds:28717  bounds:20..1738
    run141  dpts:13..25  effs:7566800  fails:85746  wrgs:104528  wck:84.0  ngds:29719  bounds:20..1738
    run142  dpts:15..27  effs:8186167  fails:90724  wrgs:110815  wck:87.1  ngds:29730  bounds:20..1738
    run143  dpts:12..27  effs:9060923  fails:96200  wrgs:120223  wck:92.3  ngds:29736  bounds:20..1738
    run144  dpts:13..28  effs:9644744  fails:102224  wrgs:128948  wck:103.8  ngds:30258  bounds:20..1738
    run145  dpts:18..30  effs:10060745  fails:108850  wrgs:136737  wck:110.2  ngds:30375  bounds:20..1738
    run146  dpts:11..27  effs:10484939  fails:116139  wrgs:145116  wck:112.4  ngds:30657  bounds:20..1738
    run147  dpts:13..27  effs:11054015  fails:124156  wrgs:154965  wck:114.9  ngds:30801  bounds:20..1738
    run148  dpts:21..27  effs:11077187  fails:124816  wrgs:155628  wck:119.1  ngds:30801  bounds:20..1738

  global
    effs:11077187  revisions:(12394103,useless=11513657)  ngds:30801
    stop:EXCEEDED_TIME  wrgs:155628  bound:1739  boundWck:40.231  sols:27  sol1Cpu:1.515
    wck:120.0  cpu:119.703  mem:147M682


  Solution 27 in JSON format:
   {
    task_machine1: 8,
    start_task1: 0,
    task_machine2: 0,
    start_task2: 0,
    task_machine3: 6,
    start_task3: 0,
    task_machine33: 9,
    start_task33: 0,
    task_machine37: 7,
    start_task37: 0,
    task_machine5: 5,
    start_task5: 0,
    task_machine9: 3,
    start_task9: 0,
    task_machine19: 1,
    start_task19: 0,
    task_machine20: 2,
    start_task20: 0,
    task_machine23: 4,
    start_task23: 0,
    task_machine0: 3,
    start_task0: 651,
    task_machine4: 2,
    start_task4: 624,
    task_machine10: 9,
    start_task10: 682,
    task_machine15: 1,
    start_task15: 645,
    task_machine17: 6,
    start_task17: 709,
    task_machine22: 5,
    start_task22: 683,
    task_machine27: 0,
    start_task27: 688,
    task_machine28: 4,
    start_task28: 647,
    task_machine29: 7,
    start_task29: 791,
    task_machine30: 8,
    start_task30: 669,
    task_machine32: 9,
    start_task32: 1159,
    task_machine34: 2,
    start_task34: 1129,
    task_machine35: 3,
    start_task35: 1219,
    task_machine39: 4,
    start_task39: 1139,
    task_machine12: 6,
    start_task12: 1250,
    task_machine13: 5,
    start_task13: 1232,
    task_machine16: 8,
    start_task16: 1188,
    task_machine21: 0,
    start_task21: 1218,
    task_machine24: 7,
    start_task24: 1097,
    task_machine26: 1,
    start_task26: 1237,
    task_machine36: 3,
    start_task36: 1559,
    task_machine38: 8,
    start_task38: 1564,
    task_machine7: 5,
    start_task7: 1489,
    task_machine8: 7,
    start_task8: 1458,
    task_machine6: 6,
    start_task6: 1714,
    task_machine11: 4,
    start_task11: 1502,
    task_machine14: 1,
    start_task14: 1659,
    task_machine18: 9,
    start_task18: 1513,
    task_machine31: 2,
    start_task31: 1557,
    task_machine25: 0,
    start_task25: 1678,
    score: 1739,
    aux_gb: [669, 688, 709, 682, 791, 683, 651, 645, 624, 647, 669, 688, 709, 682, 791, 683, 669, 669, 669, 669, 1219, 1129, 1159, 1237, 1250, 1232, 1218, 1139, 1097, 1188, 1513, 1557, 1559, 1513, 1714, 1513, 1564, 1681, 1513, 1659, 1678, 1731, 1739, 1693, 1734, 1729, 1739, 1728, 1733]
   }

s SATISFIABLE

v <instantiation id='sol27' type='solution' cost='1739'> <list> task_machine1 start_task1 task_machine2 start_task2 task_machine3 start_task3 task_machine33 start_task33 task_machine37 start_task37 task_machine5 start_task5 task_machine9 start_task9 task_machine19 start_task19 task_machine20 start_task20 task_machine23 start_task23 task_machine0 start_task0 task_machine4 start_task4 task_machine10 start_task10 task_machine15 start_task15 task_machine17 start_task17 task_machine22 start_task22 task_machine27 start_task27 task_machine28 start_task28 task_machine29 start_task29 task_machine30 start_task30 task_machine32 start_task32 task_machine34 start_task34 task_machine35 start_task35 task_machine39 start_task39 task_machine12 start_task12 task_machine13 start_task13 task_machine16 start_task16 task_machine21 start_task21 task_machine24 start_task24 task_machine26 start_task26 task_machine36 start_task36 task_machine38 start_task38 task_machine7 start_task7 task_machine8 start_task8 task_machine6 start_task6 task_machine11 start_task11 task_machine14 start_task14 task_machine18 start_task18 task_machine31 start_task31 task_machine25 start_task25 score aux_gb[] </list> <values> 8 0 0 0 6 0 9 0 7 0 5 0 3 0 1 0 2 0 4 0 3 651 2 624 9 682 1 645 6 709 5 683 0 688 4 647 7 791 8 669 9 1159 2 1129 3 1219 4 1139 6 1250 5 1232 8 1188 0 1218 7 1097 1 1237 3 1559 8 1564 5 1489 7 1458 6 1714 4 1502 1 1659 9 1513 2 1557 0 1678 1739 669 688 709 682 791 683 651 645 624 647 669 688 709 682 791 683 669x4 1219 1129 1159 1237 1250 1232 1218 1139 1097 1188 1513 1557 1559 1513 1714 1513 1564 1681 1513 1659 1678 1731 1739 1693 1734 1729 1739 1728 1733 </values> </instantiation>

d WRONG DECISIONS 155628
d FOUND SOLUTIONS 27
d BOUND 1739
d INCOMPLETE EXPLORATION

c real time : 119.718
